[debug] [2026-06-11T22:26:17.611Z] ----------------------------------------------------------------------
[debug] [2026-06-11T22:26:17.614Z] Command:       C:\Program Files\nodejs\node.exe C:\Users\Keigan Merv Cardoza\AppData\Local\npm-cache\_npx\7750544ccf494d8b\node_modules\firebase-tools\lib\bin\firebase.js deploy --only hosting --project vivafifa2026
[debug] [2026-06-11T22:26:17.614Z] CLI Version:   15.20.0
[debug] [2026-06-11T22:26:17.614Z] Platform:      win32
[debug] [2026-06-11T22:26:17.614Z] Node Version:  v24.13.0
[debug] [2026-06-11T22:26:17.614Z] Time:          Fri Jun 12 2026 03:56:17 GMT+0530 (India Standard Time)
[debug] [2026-06-11T22:26:17.614Z] ----------------------------------------------------------------------
[debug] 
[debug] [2026-06-11T22:26:17.616Z] >>> [apiv2][query] GET https://firebase-public.firebaseio.com/cli.json [none]
[debug] [2026-06-11T22:26:20.647Z] > command requires scopes: ["email","openid","https://www.googleapis.com/auth/cloudplatformprojects.readonly","https://www.googleapis.com/auth/firebase","https://www.googleapis.com/auth/cloud-platform"]
[debug] [2026-06-11T22:26:20.647Z] > authorizing via signed-in user (cardoza.keigs@gmail.com)
[debug] [2026-06-11T22:26:20.647Z] [iam] checking project vivafifa2026 for permissions ["firebase.projects.get","firebasehosting.sites.update"]
[debug] [2026-06-11T22:26:20.648Z] Checked if tokens are valid: true, expires at: 1781218851590
[debug] [2026-06-11T22:26:20.648Z] Checked if tokens are valid: true, expires at: 1781218851590
[debug] [2026-06-11T22:26:20.648Z] >>> [apiv2][query] POST https://cloudresourcemanager.googleapis.com/v1/projects/vivafifa2026:testIamPermissions [none]
[debug] [2026-06-11T22:26:20.648Z] >>> [apiv2][(partial)header] POST https://cloudresourcemanager.googleapis.com/v1/projects/vivafifa2026:testIamPermissions  x-goog-user-project=vivafifa2026
[debug] [2026-06-11T22:26:20.648Z] >>> [apiv2][body] POST https://cloudresourcemanager.googleapis.com/v1/projects/vivafifa2026:testIamPermissions {"permissions":["firebase.projects.get","firebasehosting.sites.update"]}
[debug] [2026-06-11T22:26:20.651Z] *** [apiv2] error from fetch(https://firebase-public.firebaseio.com/cli.json, {"headers":{},"method":"GET"}): FetchError: request to https://firebase-public.firebaseio.com/cli.json failed, reason: getaddrinfo ENOTFOUND firebase-public.firebaseio.com
[warn] !  Unable to fetch the CLI MOTD and remote config. This is not a fatal error, but may indicate an issue with your network connection. 
[debug] [2026-06-11T22:26:20.652Z] Failed to fetch MOTD FirebaseError: Failed to make request to https://firebase-public.firebaseio.com/cli.json
[debug] [2026-06-11T22:26:22.039Z] <<< [apiv2][status] POST https://cloudresourcemanager.googleapis.com/v1/projects/vivafifa2026:testIamPermissions 200
[debug] [2026-06-11T22:26:22.039Z] <<< [apiv2][body] POST https://cloudresourcemanager.googleapis.com/v1/projects/vivafifa2026:testIamPermissions {"permissions":["firebase.projects.get","firebasehosting.sites.update"]}
[debug] [2026-06-11T22:26:22.040Z] Checked if tokens are valid: true, expires at: 1781218851590
[debug] [2026-06-11T22:26:22.040Z] Checked if tokens are valid: true, expires at: 1781218851590
[debug] [2026-06-11T22:26:22.040Z] >>> [apiv2][query] GET https://firebase.googleapis.com/v1beta1/projects/vivafifa2026 [none]
[debug] [2026-06-11T22:26:22.652Z] <<< [apiv2][status] GET https://firebase.googleapis.com/v1beta1/projects/vivafifa2026 200
[debug] [2026-06-11T22:26:22.652Z] <<< [apiv2][body] GET https://firebase.googleapis.com/v1beta1/projects/vivafifa2026 {"projectId":"vivafifa2026","projectNumber":"56297030289","displayName":"VivaFifa2026","name":"projects/vivafifa2026","resources":{"hostingSite":"vivafifa2026"},"state":"ACTIVE","etag":"1_e96a70ec-9421-4e9c-b2dd-6f660098cdf4"}
[info] 
[info] === Deploying to 'vivafifa2026'...
[info] 
[info] i  deploying hosting 
[debug] [2026-06-11T22:26:22.655Z] Checked if tokens are valid: true, expires at: 1781218851590
[debug] [2026-06-11T22:26:22.655Z] Checked if tokens are valid: true, expires at: 1781218851590
[debug] [2026-06-11T22:26:22.655Z] >>> [apiv2][query] GET https://firebasehosting.googleapis.com/v1beta1/projects/vivafifa2026/sites/vivafifa2026 [none]
[debug] [2026-06-11T22:26:23.844Z] <<< [apiv2][status] GET https://firebasehosting.googleapis.com/v1beta1/projects/vivafifa2026/sites/vivafifa2026 200
[debug] [2026-06-11T22:26:23.844Z] <<< [apiv2][body] GET https://firebasehosting.googleapis.com/v1beta1/projects/vivafifa2026/sites/vivafifa2026 {"name":"projects/vivafifa2026/sites/vivafifa2026","defaultUrl":"https://vivafifa2026.web.app","type":"DEFAULT_SITE"}
[debug] [2026-06-11T22:26:23.848Z] Checked if tokens are valid: true, expires at: 1781218851590
[debug] [2026-06-11T22:26:23.848Z] Checked if tokens are valid: true, expires at: 1781218851590
[debug] [2026-06-11T22:26:23.848Z] >>> [apiv2][query] POST https://firebasehosting.googleapis.com/v1beta1/projects/-/sites/vivafifa2026/versions [none]
[debug] [2026-06-11T22:26:23.848Z] >>> [apiv2][body] POST https://firebasehosting.googleapis.com/v1beta1/projects/-/sites/vivafifa2026/versions {"status":"CREATED","labels":{"deployment-tool":"cli-firebase"}}
[debug] [2026-06-11T22:26:25.229Z] <<< [apiv2][status] POST https://firebasehosting.googleapis.com/v1beta1/projects/-/sites/vivafifa2026/versions 200
[debug] [2026-06-11T22:26:25.229Z] <<< [apiv2][body] POST https://firebasehosting.googleapis.com/v1beta1/projects/-/sites/vivafifa2026/versions {"name":"projects/56297030289/sites/vivafifa2026/versions/6cb048c4a634375d","status":"CREATED","config":{},"labels":{"deployment-tool":"cli-firebase"}}
[info] i  hosting[vivafifa2026]: beginning deploy... 
[info] i  hosting[vivafifa2026]: found 16 files in public_web 
[debug] [2026-06-11T22:26:25.241Z] [hosting] uploading with 200 concurrency
